2022-04-12 23:28:07,030:INFO:PyCaret Supervised Module
2022-04-12 23:28:07,031:INFO:ML Usecase: regression
2022-04-12 23:28:07,032:INFO:version 2.3.10
2022-04-12 23:28:07,032:INFO:Initializing setup()
2022-04-12 23:28:07,032:INFO:setup(target=arr_delay, ml_usecase=regression, available_plots={'parameter': 'Hyperparameters', 'residuals': 'Residuals', 'error': 'Prediction Error', 'cooks': 'Cooks Distance', 'rfe': 'Feature Selection', 'learning': 'Learning Curve', 'manifold': 'Manifold Learning', 'vc': 'Validation Curve', 'feature': 'Feature Importance', 'feature_all': 'Feature Importance (All)', 'tree': 'Decision Tree', 'residuals_interactive': 'Interactive Residuals'}, train_size=0.7, test_data=None, preprocess=True, imputation_type=simple, iterative_imputation_iters=5, categorical_features=None, categorical_imputation=constant, categorical_iterative_imputer=lightgbm, ordinal_features=None, high_cardinality_features=None, high_cardinality_method=frequency, numeric_features=None, numeric_imputation=mean, numeric_iterative_imputer=lightgbm, date_features=None, ignore_features=None, normalize=False, normalize_method=zscore, transformation=False, transformation_method=yeo-johnson, handle_unknown_categorical=True, unknown_categorical_method=least_frequent, pca=False, pca_method=linear, pca_components=None, ignore_low_variance=False, combine_rare_levels=False, rare_level_threshold=0.1, bin_numeric_features=None, remove_outliers=False, outliers_threshold=0.05, remove_multicollinearity=False, multicollinearity_threshold=0.9, remove_perfect_collinearity=True, create_clusters=False, cluster_iter=20, polynomial_features=False, polynomial_degree=2, trigonometry_features=False, polynomial_threshold=0.1, group_features=None, group_names=None, feature_selection=False, feature_selection_threshold=0.8, feature_selection_method=classic, feature_interaction=True, feature_ratio=True, interaction_threshold=0.01, fix_imbalance=False, fix_imbalance_method=None, transform_target=False, transform_target_method=box-cox, data_split_shuffle=True, data_split_stratify=False, fold_strategy=kfold, fold=10, fold_shuffle=False, fold_groups=None, n_jobs=-1, use_gpu=False, custom_pipeline=None, html=True, session_id=None, log_experiment=False, experiment_name=None, experiment_custom_tags=None, log_plots=False, log_profile=False, log_data=False, silent=False, verbose=True, profile=False, profile_kwargs=None, display=None)
2022-04-12 23:28:07,038:INFO:Checking environment
2022-04-12 23:28:07,038:INFO:python_version: 3.8.13
2022-04-12 23:28:07,039:INFO:python_build: ('default', 'Mar 28 2022 06:59:08')
2022-04-12 23:28:07,039:INFO:machine: AMD64
2022-04-12 23:28:07,039:INFO:platform: Windows-10-10.0.17763-SP0
2022-04-12 23:28:07,039:INFO:Memory: svmem(total=8507543552, available=2601205760, percent=69.4, used=5906337792, free=2601205760)
2022-04-12 23:28:07,039:INFO:Physical Core: 2
2022-04-12 23:28:07,039:INFO:Logical Core: 4
2022-04-12 23:28:07,039:INFO:Checking libraries
2022-04-12 23:28:07,039:INFO:pd==1.4.2
2022-04-12 23:28:07,039:INFO:numpy==1.19.5
2022-04-12 23:28:07,039:INFO:sklearn==0.23.2
2022-04-12 23:28:07,040:INFO:lightgbm==3.3.2
2022-04-12 23:28:07,041:WARNING:catboost not found
2022-04-12 23:28:07,042:WARNING:xgboost not found
2022-04-12 23:28:07,043:INFO:mlflow==1.25.0
2022-04-12 23:28:07,043:INFO:Checking Exceptions
2022-04-12 23:28:07,051:INFO:Declaring global variables
2022-04-12 23:28:07,051:INFO:USI: 8ae5
2022-04-12 23:28:07,052:INFO:pycaret_globals: {'html_param', 'seed', 'y_test', 'pycaret_globals', 'logging_param', 'fold_generator', 'master_model_container', 'experiment__', 'create_model_container', 'prep_pipe', '_all_metrics', 'fix_imbalance_param', 'fold_groups_param', 'imputation_classifier', '_gpu_n_jobs_param', 'X_test', 'X', 'USI', 'display_container', 'gpu_param', 'transform_target_param', 'data_before_preprocess', 'fold_shuffle_param', 'exp_name_log', 'stratify_param', 'imputation_regressor', 'X_train', 'y_train', 'dashboard_logger', '_all_models_internal', '_all_models', '_internal_pipeline', 'target_param', '_available_plots', '_ml_usecase', 'log_plots_param', 'fold_param', 'iterative_imputation_iters_param', 'transform_target_method_param', 'y', 'n_jobs_param', 'fold_groups_param_full', 'fix_imbalance_method_param'}
2022-04-12 23:28:07,052:INFO:Preparing display monitor
2022-04-12 23:28:07,052:INFO:Preparing display monitor
2022-04-12 23:28:07,107:INFO:Importing libraries
2022-04-12 23:28:07,107:INFO:Copying data for preprocessing
2022-04-12 23:28:07,156:INFO:Declaring preprocessing parameters
2022-04-12 23:28:07,222:INFO:Creating preprocessing pipeline
2022-04-12 23:28:08,026:INFO:Preprocessing pipeline created successfully
2022-04-12 23:28:08,027:ERROR:(Process Exit): setup has been interupted with user command 'quit'. setup must rerun.
2022-04-12 23:28:08,027:INFO:Creating global containers
2022-04-12 23:28:08,035:INFO:Internal pipeline: Pipeline(memory=None, steps=[('empty_step', 'passthrough')], verbose=False)
2022-04-12 23:36:33,149:INFO:PyCaret Supervised Module
2022-04-12 23:36:33,150:INFO:ML Usecase: regression
2022-04-12 23:36:33,150:INFO:version 2.3.10
2022-04-12 23:36:33,150:INFO:Initializing setup()
2022-04-12 23:36:33,151:INFO:setup(target=arr_delay, ml_usecase=regression, available_plots={'parameter': 'Hyperparameters', 'residuals': 'Residuals', 'error': 'Prediction Error', 'cooks': 'Cooks Distance', 'rfe': 'Feature Selection', 'learning': 'Learning Curve', 'manifold': 'Manifold Learning', 'vc': 'Validation Curve', 'feature': 'Feature Importance', 'feature_all': 'Feature Importance (All)', 'tree': 'Decision Tree', 'residuals_interactive': 'Interactive Residuals'}, train_size=0.7, test_data=None, preprocess=True, imputation_type=simple, iterative_imputation_iters=5, categorical_features=None, categorical_imputation=constant, categorical_iterative_imputer=lightgbm, ordinal_features=None, high_cardinality_features=None, high_cardinality_method=frequency, numeric_features=None, numeric_imputation=mean, numeric_iterative_imputer=lightgbm, date_features=None, ignore_features=None, normalize=False, normalize_method=zscore, transformation=False, transformation_method=yeo-johnson, handle_unknown_categorical=True, unknown_categorical_method=least_frequent, pca=False, pca_method=linear, pca_components=None, ignore_low_variance=False, combine_rare_levels=False, rare_level_threshold=0.1, bin_numeric_features=None, remove_outliers=False, outliers_threshold=0.05, remove_multicollinearity=False, multicollinearity_threshold=0.9, remove_perfect_collinearity=True, create_clusters=False, cluster_iter=20, polynomial_features=False, polynomial_degree=2, trigonometry_features=False, polynomial_threshold=0.1, group_features=None, group_names=None, feature_selection=False, feature_selection_threshold=0.8, feature_selection_method=classic, feature_interaction=True, feature_ratio=True, interaction_threshold=0.01, fix_imbalance=False, fix_imbalance_method=None, transform_target=False, transform_target_method=box-cox, data_split_shuffle=True, data_split_stratify=False, fold_strategy=kfold, fold=10, fold_shuffle=False, fold_groups=None, n_jobs=-1, use_gpu=False, custom_pipeline=None, html=True, session_id=None, log_experiment=False, experiment_name=None, experiment_custom_tags=None, log_plots=False, log_profile=False, log_data=False, silent=False, verbose=True, profile=False, profile_kwargs=None, display=None)
2022-04-12 23:36:33,151:INFO:Checking environment
2022-04-12 23:36:33,151:INFO:python_version: 3.8.13
2022-04-12 23:36:33,151:INFO:python_build: ('default', 'Mar 28 2022 06:59:08')
2022-04-12 23:36:33,151:INFO:machine: AMD64
2022-04-12 23:36:33,151:INFO:platform: Windows-10-10.0.17763-SP0
2022-04-12 23:36:33,152:INFO:Memory: svmem(total=8507543552, available=2973925376, percent=65.0, used=5533618176, free=2973925376)
2022-04-12 23:36:33,152:INFO:Physical Core: 2
2022-04-12 23:36:33,152:INFO:Logical Core: 4
2022-04-12 23:36:33,153:INFO:Checking libraries
2022-04-12 23:36:33,153:INFO:pd==1.4.2
2022-04-12 23:36:33,153:INFO:numpy==1.19.5
2022-04-12 23:36:33,153:INFO:sklearn==0.23.2
2022-04-12 23:36:33,153:INFO:lightgbm==3.3.2
2022-04-12 23:36:33,160:WARNING:catboost not found
2022-04-12 23:36:33,161:WARNING:xgboost not found
2022-04-12 23:36:33,161:INFO:mlflow==1.25.0
2022-04-12 23:36:33,162:INFO:Checking Exceptions
2022-04-12 23:36:33,162:INFO:Declaring global variables
2022-04-12 23:36:33,162:INFO:USI: da3f
2022-04-12 23:36:33,162:INFO:pycaret_globals: {'html_param', 'seed', 'y_test', 'pycaret_globals', 'logging_param', 'fold_generator', 'master_model_container', 'experiment__', 'create_model_container', 'prep_pipe', '_all_metrics', 'fix_imbalance_param', 'fold_groups_param', 'imputation_classifier', '_gpu_n_jobs_param', 'X_test', 'X', 'USI', 'display_container', 'gpu_param', 'transform_target_param', 'data_before_preprocess', 'fold_shuffle_param', 'exp_name_log', 'stratify_param', 'imputation_regressor', 'X_train', 'y_train', 'dashboard_logger', '_all_models_internal', '_all_models', '_internal_pipeline', 'target_param', '_available_plots', '_ml_usecase', 'log_plots_param', 'fold_param', 'iterative_imputation_iters_param', 'transform_target_method_param', 'y', 'n_jobs_param', 'fold_groups_param_full', 'fix_imbalance_method_param'}
2022-04-12 23:36:33,163:INFO:Preparing display monitor
2022-04-12 23:36:33,163:INFO:Preparing display monitor
2022-04-12 23:36:33,189:INFO:Importing libraries
2022-04-12 23:36:33,189:INFO:Copying data for preprocessing
2022-04-12 23:36:33,311:INFO:Declaring preprocessing parameters
2022-04-12 23:36:33,338:INFO:Creating preprocessing pipeline
2022-04-12 23:36:33,652:INFO:Preprocessing pipeline created successfully
2022-04-12 23:36:33,653:ERROR:(Process Exit): setup has been interupted with user command 'quit'. setup must rerun.
2022-04-12 23:36:33,653:INFO:Creating global containers
2022-04-12 23:36:33,653:INFO:Internal pipeline: Pipeline(memory=None, steps=[('empty_step', 'passthrough')], verbose=False)
2022-04-12 23:48:40,463:INFO:PyCaret Supervised Module
2022-04-12 23:48:40,464:INFO:ML Usecase: regression
2022-04-12 23:48:40,464:INFO:version 2.3.10
2022-04-12 23:48:40,464:INFO:Initializing setup()
2022-04-12 23:48:40,464:INFO:setup(target=arr_delay, ml_usecase=regression, available_plots={'parameter': 'Hyperparameters', 'residuals': 'Residuals', 'error': 'Prediction Error', 'cooks': 'Cooks Distance', 'rfe': 'Feature Selection', 'learning': 'Learning Curve', 'manifold': 'Manifold Learning', 'vc': 'Validation Curve', 'feature': 'Feature Importance', 'feature_all': 'Feature Importance (All)', 'tree': 'Decision Tree', 'residuals_interactive': 'Interactive Residuals'}, train_size=0.7, test_data=None, preprocess=True, imputation_type=simple, iterative_imputation_iters=5, categorical_features=None, categorical_imputation=constant, categorical_iterative_imputer=lightgbm, ordinal_features=None, high_cardinality_features=None, high_cardinality_method=frequency, numeric_features=None, numeric_imputation=mean, numeric_iterative_imputer=lightgbm, date_features=None, ignore_features=None, normalize=False, normalize_method=zscore, transformation=False, transformation_method=yeo-johnson, handle_unknown_categorical=True, unknown_categorical_method=least_frequent, pca=False, pca_method=linear, pca_components=None, ignore_low_variance=False, combine_rare_levels=False, rare_level_threshold=0.1, bin_numeric_features=None, remove_outliers=False, outliers_threshold=0.05, remove_multicollinearity=False, multicollinearity_threshold=0.9, remove_perfect_collinearity=True, create_clusters=False, cluster_iter=20, polynomial_features=False, polynomial_degree=2, trigonometry_features=False, polynomial_threshold=0.1, group_features=None, group_names=None, feature_selection=False, feature_selection_threshold=0.8, feature_selection_method=classic, feature_interaction=True, feature_ratio=True, interaction_threshold=0.01, fix_imbalance=False, fix_imbalance_method=None, transform_target=False, transform_target_method=box-cox, data_split_shuffle=True, data_split_stratify=False, fold_strategy=kfold, fold=10, fold_shuffle=False, fold_groups=None, n_jobs=-1, use_gpu=False, custom_pipeline=None, html=True, session_id=None, log_experiment=False, experiment_name=None, experiment_custom_tags=None, log_plots=False, log_profile=False, log_data=False, silent=False, verbose=True, profile=False, profile_kwargs=None, display=None)
2022-04-12 23:48:40,465:INFO:Checking environment
2022-04-12 23:48:40,465:INFO:python_version: 3.8.13
2022-04-12 23:48:40,465:INFO:python_build: ('default', 'Mar 28 2022 06:59:08')
2022-04-12 23:48:40,466:INFO:machine: AMD64
2022-04-12 23:48:40,466:INFO:platform: Windows-10-10.0.17763-SP0
2022-04-12 23:48:40,466:INFO:Memory: svmem(total=8507543552, available=3986853888, percent=53.1, used=4520689664, free=3986853888)
2022-04-12 23:48:40,466:INFO:Physical Core: 2
2022-04-12 23:48:40,467:INFO:Logical Core: 4
2022-04-12 23:48:40,467:INFO:Checking libraries
2022-04-12 23:48:40,467:INFO:pd==1.4.2
2022-04-12 23:48:40,467:INFO:numpy==1.19.5
2022-04-12 23:48:40,467:INFO:sklearn==0.23.2
2022-04-12 23:48:40,468:INFO:lightgbm==3.3.2
2022-04-12 23:48:40,471:WARNING:catboost not found
2022-04-12 23:48:40,473:WARNING:xgboost not found
2022-04-12 23:48:40,473:INFO:mlflow==1.25.0
2022-04-12 23:48:40,473:INFO:Checking Exceptions
2022-04-12 23:48:40,474:INFO:Declaring global variables
2022-04-12 23:48:40,474:INFO:USI: 3763
2022-04-12 23:48:40,474:INFO:pycaret_globals: {'html_param', 'seed', 'y_test', 'pycaret_globals', 'logging_param', 'fold_generator', 'master_model_container', 'experiment__', 'create_model_container', 'prep_pipe', '_all_metrics', 'fix_imbalance_param', 'fold_groups_param', 'imputation_classifier', '_gpu_n_jobs_param', 'X_test', 'X', 'USI', 'display_container', 'gpu_param', 'transform_target_param', 'data_before_preprocess', 'fold_shuffle_param', 'exp_name_log', 'stratify_param', 'imputation_regressor', 'X_train', 'y_train', 'dashboard_logger', '_all_models_internal', '_all_models', '_internal_pipeline', 'target_param', '_available_plots', '_ml_usecase', 'log_plots_param', 'fold_param', 'iterative_imputation_iters_param', 'transform_target_method_param', 'y', 'n_jobs_param', 'fold_groups_param_full', 'fix_imbalance_method_param'}
2022-04-12 23:48:40,474:INFO:Preparing display monitor
2022-04-12 23:48:40,475:INFO:Preparing display monitor
2022-04-12 23:48:40,504:INFO:Importing libraries
2022-04-12 23:48:40,504:INFO:Copying data for preprocessing
2022-04-12 23:48:40,564:INFO:Declaring preprocessing parameters
2022-04-12 23:48:40,585:INFO:Creating preprocessing pipeline
2022-04-12 23:48:40,955:INFO:Preprocessing pipeline created successfully
2022-04-12 23:48:40,956:ERROR:(Process Exit): setup has been interupted with user command 'quit'. setup must rerun.
2022-04-12 23:48:40,956:INFO:Creating global containers
2022-04-12 23:48:40,957:INFO:Internal pipeline: Pipeline(memory=None, steps=[('empty_step', 'passthrough')], verbose=False)
2022-04-12 23:49:00,774:WARNING:Couldn't import xgboost.XGBRegressor
2022-04-12 23:49:00,776:WARNING:Couldn't import catboost.CatBoostRegressor
2022-04-12 23:49:00,957:WARNING:Couldn't import xgboost.XGBRegressor
2022-04-12 23:49:00,958:WARNING:Couldn't import catboost.CatBoostRegressor
2022-04-12 23:49:00,959:INFO:Creating grid variables
2022-04-12 23:49:00,992:INFO:create_model_container: 0
2022-04-12 23:49:00,993:INFO:master_model_container: 0
2022-04-12 23:49:00,993:INFO:display_container: 1
2022-04-12 23:49:01,011:INFO:Pipeline(memory=None,
         steps=[('dtypes',
                 DataTypes_Auto_infer(categorical_features=[],
                                      display_types=True, features_todrop=[],
                                      id_columns=[], ml_usecase='regression',
                                      numerical_features=[], target='arr_delay',
                                      time_features=[])),
                ('imputer',
                 Simple_Imputer(categorical_strategy='not_available',
                                fill_value_categorical=None,
                                fill_value_numerical=None,
                                numeric_strate...
                ('fix_perfect', Remove_100(target='arr_delay')),
                ('clean_names', Clean_Colum_Names()),
                ('feature_select', 'passthrough'), ('fix_multi', 'passthrough'),
                ('dfs',
                 DFS_Classic(interactions=['multiply', 'divide'],
                             ml_usecase='regression', n_jobs=-1,
                             random_state=5221, subclass='binary',
                             target='arr_delay',
                             top_features_to_pick_percentage=None)),
                ('pca', 'passthrough')],
         verbose=False)
2022-04-12 23:49:01,012:INFO:setup() succesfully completed......................................
2022-04-12 23:51:55,378:INFO:Initializing compare_models()
2022-04-12 23:51:55,378:INFO:compare_models(include=None, fold=None, round=4, cross_validation=True, sort=R2, n_select=1, budget_time=None, turbo=True, errors=ignore, fit_kwargs=None, groups=None, experiment_custom_tags=None, probability_threshold=None, verbose=True, display=None, exclude=None)
2022-04-12 23:51:55,378:INFO:Checking exceptions
2022-04-12 23:51:55,379:INFO:Preparing display monitor
2022-04-12 23:51:55,379:INFO:Preparing display monitor
2022-04-12 23:51:55,448:INFO:Initializing Linear Regression
2022-04-12 23:51:55,449:INFO:Total runtime is 1.6482671101888022e-05 minutes
2022-04-12 23:51:55,473:INFO:SubProcess create_model() called ==================================
2022-04-12 23:51:55,474:INFO:Initializing create_model()
2022-04-12 23:51:55,475:INFO:create_model(estimator=lr, fold=KFold(n_splits=10, random_state=None, shuffle=False), round=4, cross_validation=True, predict=True, fit_kwargs={}, groups=None, refit=False, verbose=False, system=False, metrics=None, experiment_custom_tags=None, add_to_model_list=True, probability_threshold=None, display=<pycaret.internal.Display.Display object at 0x000002409500D730>, return_train_score=False, kwargs={})
2022-04-12 23:51:55,475:INFO:Checking exceptions
2022-04-12 23:51:55,475:INFO:Importing libraries
2022-04-12 23:51:55,475:INFO:Copying training dataset
2022-04-12 23:51:55,486:INFO:Defining folds
2022-04-12 23:51:55,487:INFO:Declaring metric variables
2022-04-12 23:51:55,506:INFO:Importing untrained model
2022-04-12 23:51:55,521:INFO:Linear Regression Imported succesfully
2022-04-12 23:51:55,554:INFO:Starting cross validation
2022-04-12 23:51:55,578:INFO:Cross validating with KFold(n_splits=10, random_state=None, shuffle=False), n_jobs=-1
2022-04-12 23:52:07,148:INFO:Calculating mean and std
2022-04-12 23:52:07,150:INFO:Creating metrics dataframe
2022-04-12 23:52:07,201:INFO:Uploading results into container
2022-04-12 23:52:07,201:INFO:Uploading model into container now
2022-04-12 23:52:07,202:INFO:create_model_container: 1
2022-04-12 23:52:07,202:INFO:master_model_container: 1
2022-04-12 23:52:07,202:INFO:display_container: 2
2022-04-12 23:52:07,202:INFO:LinearRegression(copy_X=True, fit_intercept=True, n_jobs=-1, normalize=False)
2022-04-12 23:52:07,202:INFO:create_model() succesfully completed......................................
2022-04-12 23:52:07,449:INFO:SubProcess create_model() end ==================================
2022-04-12 23:52:07,449:INFO:Creating metrics dataframe
2022-04-12 23:52:07,485:INFO:Initializing Lasso Regression
2022-04-12 23:52:07,485:INFO:Total runtime is 0.20061670541763305 minutes
2022-04-12 23:52:07,502:INFO:SubProcess create_model() called ==================================
2022-04-12 23:52:07,503:INFO:Initializing create_model()
2022-04-12 23:52:07,503:INFO:create_model(estimator=lasso, fold=KFold(n_splits=10, random_state=None, shuffle=False), round=4, cross_validation=True, predict=True, fit_kwargs={}, groups=None, refit=False, verbose=False, system=False, metrics=None, experiment_custom_tags=None, add_to_model_list=True, probability_threshold=None, display=<pycaret.internal.Display.Display object at 0x000002409500D730>, return_train_score=False, kwargs={})
2022-04-12 23:52:07,504:INFO:Checking exceptions
2022-04-12 23:52:07,504:INFO:Importing libraries
2022-04-12 23:52:07,505:INFO:Copying training dataset
2022-04-12 23:52:07,511:INFO:Defining folds
2022-04-12 23:52:07,511:INFO:Declaring metric variables
2022-04-12 23:52:07,526:INFO:Importing untrained model
2022-04-12 23:52:07,548:INFO:Lasso Regression Imported succesfully
2022-04-12 23:52:07,593:INFO:Starting cross validation
2022-04-12 23:52:07,594:INFO:Cross validating with KFold(n_splits=10, random_state=None, shuffle=False), n_jobs=-1
2022-04-12 23:52:09,905:INFO:Calculating mean and std
2022-04-12 23:52:09,907:INFO:Creating metrics dataframe
2022-04-12 23:52:09,944:INFO:Uploading results into container
2022-04-12 23:52:09,944:INFO:Uploading model into container now
2022-04-12 23:52:09,944:INFO:create_model_container: 2
2022-04-12 23:52:09,945:INFO:master_model_container: 2
2022-04-12 23:52:09,945:INFO:display_container: 2
2022-04-12 23:52:09,945:INFO:Lasso(alpha=1.0, copy_X=True, fit_intercept=True, max_iter=1000,
      normalize=False, positive=False, precompute=False, random_state=5221,
      selection='cyclic', tol=0.0001, warm_start=False)
2022-04-12 23:52:09,946:INFO:create_model() succesfully completed......................................
2022-04-12 23:52:10,175:INFO:SubProcess create_model() end ==================================
2022-04-12 23:52:10,175:INFO:Creating metrics dataframe
2022-04-12 23:52:10,211:INFO:Initializing Ridge Regression
2022-04-12 23:52:10,212:INFO:Total runtime is 0.2460599660873413 minutes
2022-04-12 23:52:10,228:INFO:SubProcess create_model() called ==================================
2022-04-12 23:52:10,228:INFO:Initializing create_model()
2022-04-12 23:52:10,228:INFO:create_model(estimator=ridge, fold=KFold(n_splits=10, random_state=None, shuffle=False), round=4, cross_validation=True, predict=True, fit_kwargs={}, groups=None, refit=False, verbose=False, system=False, metrics=None, experiment_custom_tags=None, add_to_model_list=True, probability_threshold=None, display=<pycaret.internal.Display.Display object at 0x000002409500D730>, return_train_score=False, kwargs={})
2022-04-12 23:52:10,229:INFO:Checking exceptions
2022-04-12 23:52:10,229:INFO:Importing libraries
2022-04-12 23:52:10,230:INFO:Copying training dataset
2022-04-12 23:52:10,236:INFO:Defining folds
2022-04-12 23:52:10,236:INFO:Declaring metric variables
2022-04-12 23:52:10,252:INFO:Importing untrained model
2022-04-12 23:52:10,284:INFO:Ridge Regression Imported succesfully
2022-04-12 23:52:10,323:INFO:Starting cross validation
2022-04-12 23:52:10,324:INFO:Cross validating with KFold(n_splits=10, random_state=None, shuffle=False), n_jobs=-1
2022-04-12 23:52:11,126:INFO:Calculating mean and std
2022-04-12 23:52:11,127:INFO:Creating metrics dataframe
2022-04-12 23:52:11,160:INFO:Uploading results into container
2022-04-12 23:52:11,160:INFO:Uploading model into container now
2022-04-12 23:52:11,161:INFO:create_model_container: 3
2022-04-12 23:52:11,161:INFO:master_model_container: 3
2022-04-12 23:52:11,161:INFO:display_container: 2
2022-04-12 23:52:11,161:INFO:Ridge(alpha=1.0, copy_X=True, fit_intercept=True, max_iter=None,
      normalize=False, random_state=5221, solver='auto', tol=0.001)
2022-04-12 23:52:11,161:INFO:create_model() succesfully completed......................................
2022-04-12 23:52:11,391:INFO:SubProcess create_model() end ==================================
2022-04-12 23:52:11,391:INFO:Creating metrics dataframe
2022-04-12 23:52:11,426:INFO:Initializing Elastic Net
2022-04-12 23:52:11,427:INFO:Total runtime is 0.26631801525751747 minutes
2022-04-12 23:52:11,441:INFO:SubProcess create_model() called ==================================
2022-04-12 23:52:11,442:INFO:Initializing create_model()
2022-04-12 23:52:11,442:INFO:create_model(estimator=en, fold=KFold(n_splits=10, random_state=None, shuffle=False), round=4, cross_validation=True, predict=True, fit_kwargs={}, groups=None, refit=False, verbose=False, system=False, metrics=None, experiment_custom_tags=None, add_to_model_list=True, probability_threshold=None, display=<pycaret.internal.Display.Display object at 0x000002409500D730>, return_train_score=False, kwargs={})
2022-04-12 23:52:11,443:INFO:Checking exceptions
2022-04-12 23:52:11,443:INFO:Importing libraries
2022-04-12 23:52:11,443:INFO:Copying training dataset
2022-04-12 23:52:11,450:INFO:Defining folds
2022-04-12 23:52:11,450:INFO:Declaring metric variables
2022-04-12 23:52:11,463:INFO:Importing untrained model
2022-04-12 23:52:11,494:INFO:Elastic Net Imported succesfully
2022-04-12 23:52:11,536:INFO:Starting cross validation
2022-04-12 23:52:11,537:INFO:Cross validating with KFold(n_splits=10, random_state=None, shuffle=False), n_jobs=-1
2022-04-12 23:52:24,998:INFO:Calculating mean and std
2022-04-12 23:52:25,000:INFO:Creating metrics dataframe
2022-04-12 23:52:25,039:INFO:Uploading results into container
2022-04-12 23:52:25,039:INFO:Uploading model into container now
2022-04-12 23:52:25,040:INFO:create_model_container: 4
2022-04-12 23:52:25,040:INFO:master_model_container: 4
2022-04-12 23:52:25,040:INFO:display_container: 2
2022-04-12 23:52:25,041:INFO:ElasticNet(alpha=1.0, copy_X=True, fit_intercept=True, l1_ratio=0.5,
           max_iter=1000, normalize=False, positive=False, precompute=False,
           random_state=5221, selection='cyclic', tol=0.0001, warm_start=False)
2022-04-12 23:52:25,041:INFO:create_model() succesfully completed......................................
2022-04-12 23:52:25,271:INFO:SubProcess create_model() end ==================================
2022-04-12 23:52:25,271:INFO:Creating metrics dataframe
2022-04-12 23:52:25,309:INFO:Initializing Least Angle Regression
2022-04-12 23:52:25,309:INFO:Total runtime is 0.4976716558138529 minutes
2022-04-12 23:52:25,325:INFO:SubProcess create_model() called ==================================
2022-04-12 23:52:25,325:INFO:Initializing create_model()
2022-04-12 23:52:25,326:INFO:create_model(estimator=lar, fold=KFold(n_splits=10, random_state=None, shuffle=False), round=4, cross_validation=True, predict=True, fit_kwargs={}, groups=None, refit=False, verbose=False, system=False, metrics=None, experiment_custom_tags=None, add_to_model_list=True, probability_threshold=None, display=<pycaret.internal.Display.Display object at 0x000002409500D730>, return_train_score=False, kwargs={})
2022-04-12 23:52:25,326:INFO:Checking exceptions
2022-04-12 23:52:25,326:INFO:Importing libraries
2022-04-12 23:52:25,326:INFO:Copying training dataset
2022-04-12 23:52:25,333:INFO:Defining folds
2022-04-12 23:52:25,333:INFO:Declaring metric variables
2022-04-12 23:52:25,345:INFO:Importing untrained model
2022-04-12 23:52:25,366:INFO:Least Angle Regression Imported succesfully
2022-04-12 23:52:25,411:INFO:Starting cross validation
2022-04-12 23:52:25,412:INFO:Cross validating with KFold(n_splits=10, random_state=None, shuffle=False), n_jobs=-1
2022-04-12 23:52:26,010:INFO:Calculating mean and std
2022-04-12 23:52:26,012:INFO:Creating metrics dataframe
2022-04-12 23:52:26,048:INFO:Uploading results into container
2022-04-12 23:52:26,048:INFO:Uploading model into container now
2022-04-12 23:52:26,049:INFO:create_model_container: 5
2022-04-12 23:52:26,049:INFO:master_model_container: 5
2022-04-12 23:52:26,049:INFO:display_container: 2
2022-04-12 23:52:26,050:INFO:Lars(copy_X=True, eps=2.220446049250313e-16, fit_intercept=True, fit_path=True,
     jitter=None, n_nonzero_coefs=500, normalize=True, precompute='auto',
     random_state=5221, verbose=False)
2022-04-12 23:52:26,051:INFO:create_model() succesfully completed......................................
2022-04-12 23:52:26,300:INFO:SubProcess create_model() end ==================================
2022-04-12 23:52:26,300:INFO:Creating metrics dataframe
2022-04-12 23:52:26,339:INFO:Initializing Lasso Least Angle Regression
2022-04-12 23:52:26,339:INFO:Total runtime is 0.514837106068929 minutes
2022-04-12 23:52:26,355:INFO:SubProcess create_model() called ==================================
2022-04-12 23:52:26,356:INFO:Initializing create_model()
2022-04-12 23:52:26,356:INFO:create_model(estimator=llar, fold=KFold(n_splits=10, random_state=None, shuffle=False), round=4, cross_validation=True, predict=True, fit_kwargs={}, groups=None, refit=False, verbose=False, system=False, metrics=None, experiment_custom_tags=None, add_to_model_list=True, probability_threshold=None, display=<pycaret.internal.Display.Display object at 0x000002409500D730>, return_train_score=False, kwargs={})
2022-04-12 23:52:26,356:INFO:Checking exceptions
2022-04-12 23:52:26,357:INFO:Importing libraries
2022-04-12 23:52:26,357:INFO:Copying training dataset
2022-04-12 23:52:26,363:INFO:Defining folds
2022-04-12 23:52:26,363:INFO:Declaring metric variables
2022-04-12 23:52:26,378:INFO:Importing untrained model
2022-04-12 23:52:26,406:INFO:Lasso Least Angle Regression Imported succesfully
2022-04-12 23:52:26,445:INFO:Starting cross validation
2022-04-12 23:52:26,446:INFO:Cross validating with KFold(n_splits=10, random_state=None, shuffle=False), n_jobs=-1
2022-04-12 23:52:26,860:INFO:Calculating mean and std
2022-04-12 23:52:26,862:INFO:Creating metrics dataframe
2022-04-12 23:52:26,901:INFO:Uploading results into container
2022-04-12 23:52:26,901:INFO:Uploading model into container now
2022-04-12 23:52:26,902:INFO:create_model_container: 6
2022-04-12 23:52:26,902:INFO:master_model_container: 6
2022-04-12 23:52:26,902:INFO:display_container: 2
2022-04-12 23:52:26,903:INFO:LassoLars(alpha=1.0, copy_X=True, eps=2.220446049250313e-16, fit_intercept=True,
          fit_path=True, jitter=None, max_iter=500, normalize=True,
          positive=False, precompute='auto', random_state=5221, verbose=False)
2022-04-12 23:52:26,903:INFO:create_model() succesfully completed......................................
2022-04-12 23:52:27,143:INFO:SubProcess create_model() end ==================================
2022-04-12 23:52:27,143:INFO:Creating metrics dataframe
2022-04-12 23:52:27,184:INFO:Initializing Orthogonal Matching Pursuit
2022-04-12 23:52:27,184:INFO:Total runtime is 0.528930119673411 minutes
2022-04-12 23:52:27,201:INFO:SubProcess create_model() called ==================================
2022-04-12 23:52:27,201:INFO:Initializing create_model()
2022-04-12 23:52:27,201:INFO:create_model(estimator=omp, fold=KFold(n_splits=10, random_state=None, shuffle=False), round=4, cross_validation=True, predict=True, fit_kwargs={}, groups=None, refit=False, verbose=False, system=False, metrics=None, experiment_custom_tags=None, add_to_model_list=True, probability_threshold=None, display=<pycaret.internal.Display.Display object at 0x000002409500D730>, return_train_score=False, kwargs={})
2022-04-12 23:52:27,202:INFO:Checking exceptions
2022-04-12 23:52:27,202:INFO:Importing libraries
2022-04-12 23:52:27,202:INFO:Copying training dataset
2022-04-12 23:52:27,208:INFO:Defining folds
2022-04-12 23:52:27,209:INFO:Declaring metric variables
2022-04-12 23:52:27,225:INFO:Importing untrained model
2022-04-12 23:52:27,271:INFO:Orthogonal Matching Pursuit Imported succesfully
2022-04-12 23:52:27,357:INFO:Starting cross validation
2022-04-12 23:52:27,359:INFO:Cross validating with KFold(n_splits=10, random_state=None, shuffle=False), n_jobs=-1
2022-04-12 23:52:28,026:INFO:Calculating mean and std
2022-04-12 23:52:28,028:INFO:Creating metrics dataframe
2022-04-12 23:52:28,060:INFO:Uploading results into container
2022-04-12 23:52:28,061:INFO:Uploading model into container now
2022-04-12 23:52:28,061:INFO:create_model_container: 7
2022-04-12 23:52:28,061:INFO:master_model_container: 7
2022-04-12 23:52:28,061:INFO:display_container: 2
2022-04-12 23:52:28,062:INFO:OrthogonalMatchingPursuit(fit_intercept=True, n_nonzero_coefs=None,
                          normalize=True, precompute='auto', tol=None)
2022-04-12 23:52:28,062:INFO:create_model() succesfully completed......................................
2022-04-12 23:52:28,291:INFO:SubProcess create_model() end ==================================
2022-04-12 23:52:28,291:INFO:Creating metrics dataframe
2022-04-12 23:52:28,329:INFO:Initializing Bayesian Ridge
2022-04-12 23:52:28,329:INFO:Total runtime is 0.5480041702588399 minutes
2022-04-12 23:52:28,346:INFO:SubProcess create_model() called ==================================
2022-04-12 23:52:28,347:INFO:Initializing create_model()
2022-04-12 23:52:28,347:INFO:create_model(estimator=br, fold=KFold(n_splits=10, random_state=None, shuffle=False), round=4, cross_validation=True, predict=True, fit_kwargs={}, groups=None, refit=False, verbose=False, system=False, metrics=None, experiment_custom_tags=None, add_to_model_list=True, probability_threshold=None, display=<pycaret.internal.Display.Display object at 0x000002409500D730>, return_train_score=False, kwargs={})
2022-04-12 23:52:28,348:INFO:Checking exceptions
2022-04-12 23:52:28,348:INFO:Importing libraries
2022-04-12 23:52:28,348:INFO:Copying training dataset
2022-04-12 23:52:28,354:INFO:Defining folds
2022-04-12 23:52:28,355:INFO:Declaring metric variables
2022-04-12 23:52:28,369:INFO:Importing untrained model
2022-04-12 23:52:28,394:INFO:Bayesian Ridge Imported succesfully
2022-04-12 23:52:28,434:INFO:Starting cross validation
2022-04-12 23:52:28,435:INFO:Cross validating with KFold(n_splits=10, random_state=None, shuffle=False), n_jobs=-1
2022-04-12 23:52:29,786:INFO:Calculating mean and std
2022-04-12 23:52:29,787:INFO:Creating metrics dataframe
2022-04-12 23:52:29,821:INFO:Uploading results into container
2022-04-12 23:52:29,821:INFO:Uploading model into container now
2022-04-12 23:52:29,821:INFO:create_model_container: 8
2022-04-12 23:52:29,822:INFO:master_model_container: 8
2022-04-12 23:52:29,822:INFO:display_container: 2
2022-04-12 23:52:29,822:INFO:BayesianRidge(alpha_1=1e-06, alpha_2=1e-06, alpha_init=None,
              compute_score=False, copy_X=True, fit_intercept=True,
              lambda_1=1e-06, lambda_2=1e-06, lambda_init=None, n_iter=300,
              normalize=False, tol=0.001, verbose=False)
2022-04-12 23:52:29,822:INFO:create_model() succesfully completed......................................
2022-04-12 23:52:30,055:INFO:SubProcess create_model() end ==================================
2022-04-12 23:52:30,056:INFO:Creating metrics dataframe
2022-04-12 23:52:30,103:INFO:Initializing Passive Aggressive Regressor
2022-04-12 23:52:30,103:INFO:Total runtime is 0.5775713682174682 minutes
2022-04-12 23:52:30,120:INFO:SubProcess create_model() called ==================================
2022-04-12 23:52:30,121:INFO:Initializing create_model()
2022-04-12 23:52:30,121:INFO:create_model(estimator=par, fold=KFold(n_splits=10, random_state=None, shuffle=False), round=4, cross_validation=True, predict=True, fit_kwargs={}, groups=None, refit=False, verbose=False, system=False, metrics=None, experiment_custom_tags=None, add_to_model_list=True, probability_threshold=None, display=<pycaret.internal.Display.Display object at 0x000002409500D730>, return_train_score=False, kwargs={})
2022-04-12 23:52:30,121:INFO:Checking exceptions
2022-04-12 23:52:30,122:INFO:Importing libraries
2022-04-12 23:52:30,122:INFO:Copying training dataset
2022-04-12 23:52:30,127:INFO:Defining folds
2022-04-12 23:52:30,128:INFO:Declaring metric variables
2022-04-12 23:52:30,143:INFO:Importing untrained model
2022-04-12 23:52:30,168:INFO:Passive Aggressive Regressor Imported succesfully
2022-04-12 23:52:30,209:INFO:Starting cross validation
2022-04-12 23:52:30,211:INFO:Cross validating with KFold(n_splits=10, random_state=None, shuffle=False), n_jobs=-1
2022-04-12 23:52:31,796:INFO:Calculating mean and std
2022-04-12 23:52:31,798:INFO:Creating metrics dataframe
2022-04-12 23:52:31,834:INFO:Uploading results into container
2022-04-12 23:52:31,834:INFO:Uploading model into container now
2022-04-12 23:52:31,834:INFO:create_model_container: 9
2022-04-12 23:52:31,835:INFO:master_model_container: 9
2022-04-12 23:52:31,835:INFO:display_container: 2
2022-04-12 23:52:31,835:INFO:PassiveAggressiveRegressor(C=1.0, average=False, early_stopping=False,
                           epsilon=0.1, fit_intercept=True,
                           loss='epsilon_insensitive', max_iter=1000,
                           n_iter_no_change=5, random_state=5221, shuffle=True,
                           tol=0.001, validation_fraction=0.1, verbose=0,
                           warm_start=False)
2022-04-12 23:52:31,835:INFO:create_model() succesfully completed......................................
2022-04-12 23:52:32,069:INFO:SubProcess create_model() end ==================================
2022-04-12 23:52:32,069:INFO:Creating metrics dataframe
2022-04-12 23:52:32,107:INFO:Initializing Huber Regressor
2022-04-12 23:52:32,107:INFO:Total runtime is 0.6109725634256998 minutes
2022-04-12 23:52:32,122:INFO:SubProcess create_model() called ==================================
2022-04-12 23:52:32,123:INFO:Initializing create_model()
2022-04-12 23:52:32,123:INFO:create_model(estimator=huber, fold=KFold(n_splits=10, random_state=None, shuffle=False), round=4, cross_validation=True, predict=True, fit_kwargs={}, groups=None, refit=False, verbose=False, system=False, metrics=None, experiment_custom_tags=None, add_to_model_list=True, probability_threshold=None, display=<pycaret.internal.Display.Display object at 0x000002409500D730>, return_train_score=False, kwargs={})
2022-04-12 23:52:32,124:INFO:Checking exceptions
2022-04-12 23:52:32,124:INFO:Importing libraries
2022-04-12 23:52:32,124:INFO:Copying training dataset
2022-04-12 23:52:32,130:INFO:Defining folds
2022-04-12 23:52:32,130:INFO:Declaring metric variables
2022-04-12 23:52:32,144:INFO:Importing untrained model
2022-04-12 23:52:32,165:INFO:Huber Regressor Imported succesfully
2022-04-12 23:52:32,206:INFO:Starting cross validation
2022-04-12 23:52:32,208:INFO:Cross validating with KFold(n_splits=10, random_state=None, shuffle=False), n_jobs=-1
2022-04-12 23:52:55,615:INFO:Calculating mean and std
2022-04-12 23:52:55,617:INFO:Creating metrics dataframe
2022-04-12 23:52:55,658:INFO:Uploading results into container
2022-04-12 23:52:55,658:INFO:Uploading model into container now
2022-04-12 23:52:55,658:INFO:create_model_container: 10
2022-04-12 23:52:55,658:INFO:master_model_container: 10
2022-04-12 23:52:55,658:INFO:display_container: 2
2022-04-12 23:52:55,659:INFO:HuberRegressor(alpha=0.0001, epsilon=1.35, fit_intercept=True, max_iter=100,
               tol=1e-05, warm_start=False)
2022-04-12 23:52:55,659:INFO:create_model() succesfully completed......................................
2022-04-12 23:52:55,911:INFO:SubProcess create_model() end ==================================
2022-04-12 23:52:55,912:INFO:Creating metrics dataframe
2022-04-12 23:52:55,957:INFO:Initializing K Neighbors Regressor
2022-04-12 23:52:55,957:INFO:Total runtime is 1.0084739247957866 minutes
2022-04-12 23:52:55,978:INFO:SubProcess create_model() called ==================================
2022-04-12 23:52:55,979:INFO:Initializing create_model()
2022-04-12 23:52:55,979:INFO:create_model(estimator=knn, fold=KFold(n_splits=10, random_state=None, shuffle=False), round=4, cross_validation=True, predict=True, fit_kwargs={}, groups=None, refit=False, verbose=False, system=False, metrics=None, experiment_custom_tags=None, add_to_model_list=True, probability_threshold=None, display=<pycaret.internal.Display.Display object at 0x000002409500D730>, return_train_score=False, kwargs={})
2022-04-12 23:52:55,979:INFO:Checking exceptions
2022-04-12 23:52:55,980:INFO:Importing libraries
2022-04-12 23:52:55,980:INFO:Copying training dataset
2022-04-12 23:52:55,986:INFO:Defining folds
2022-04-12 23:52:55,987:INFO:Declaring metric variables
2022-04-12 23:52:56,006:INFO:Importing untrained model
2022-04-12 23:52:56,030:INFO:K Neighbors Regressor Imported succesfully
2022-04-12 23:52:56,084:INFO:Starting cross validation
2022-04-12 23:52:56,085:INFO:Cross validating with KFold(n_splits=10, random_state=None, shuffle=False), n_jobs=-1
2022-04-12 23:53:05,650:INFO:Calculating mean and std
2022-04-12 23:53:05,652:INFO:Creating metrics dataframe
2022-04-12 23:53:05,689:INFO:Uploading results into container
2022-04-12 23:53:05,690:INFO:Uploading model into container now
2022-04-12 23:53:05,690:INFO:create_model_container: 11
2022-04-12 23:53:05,690:INFO:master_model_container: 11
2022-04-12 23:53:05,690:INFO:display_container: 2
2022-04-12 23:53:05,691:INFO:KNeighborsRegressor(algorithm='auto', leaf_size=30, metric='minkowski',
                    metric_params=None, n_jobs=-1, n_neighbors=5, p=2,
                    weights='uniform')
2022-04-12 23:53:05,691:INFO:create_model() succesfully completed......................................
2022-04-12 23:53:05,931:INFO:SubProcess create_model() end ==================================
2022-04-12 23:53:05,931:INFO:Creating metrics dataframe
2022-04-12 23:53:05,987:INFO:Initializing Decision Tree Regressor
2022-04-12 23:53:05,987:INFO:Total runtime is 1.1756497979164124 minutes
2022-04-12 23:53:06,003:INFO:SubProcess create_model() called ==================================
2022-04-12 23:53:06,004:INFO:Initializing create_model()
2022-04-12 23:53:06,004:INFO:create_model(estimator=dt, fold=KFold(n_splits=10, random_state=None, shuffle=False), round=4, cross_validation=True, predict=True, fit_kwargs={}, groups=None, refit=False, verbose=False, system=False, metrics=None, experiment_custom_tags=None, add_to_model_list=True, probability_threshold=None, display=<pycaret.internal.Display.Display object at 0x000002409500D730>, return_train_score=False, kwargs={})
2022-04-12 23:53:06,005:INFO:Checking exceptions
2022-04-12 23:53:06,006:INFO:Importing libraries
2022-04-12 23:53:06,006:INFO:Copying training dataset
2022-04-12 23:53:06,012:INFO:Defining folds
2022-04-12 23:53:06,013:INFO:Declaring metric variables
2022-04-12 23:53:06,026:INFO:Importing untrained model
2022-04-12 23:53:06,045:INFO:Decision Tree Regressor Imported succesfully
2022-04-12 23:53:06,077:INFO:Starting cross validation
2022-04-12 23:53:06,078:INFO:Cross validating with KFold(n_splits=10, random_state=None, shuffle=False), n_jobs=-1
2022-04-12 23:53:23,555:INFO:Calculating mean and std
2022-04-12 23:53:23,556:INFO:Creating metrics dataframe
2022-04-12 23:53:23,596:INFO:Uploading results into container
2022-04-12 23:53:23,596:INFO:Uploading model into container now
2022-04-12 23:53:23,596:INFO:create_model_container: 12
2022-04-12 23:53:23,597:INFO:master_model_container: 12
2022-04-12 23:53:23,597:INFO:display_container: 2
2022-04-12 23:53:23,597:INFO:DecisionTreeRegressor(ccp_alpha=0.0, criterion='mse', max_depth=None,
                      max_features=None, max_leaf_nodes=None,
                      min_impurity_decrease=0.0, min_impurity_split=None,
                      min_samples_leaf=1, min_samples_split=2,
                      min_weight_fraction_leaf=0.0, presort='deprecated',
                      random_state=5221, splitter='best')
2022-04-12 23:53:23,597:INFO:create_model() succesfully completed......................................
2022-04-12 23:53:23,830:INFO:SubProcess create_model() end ==================================
2022-04-12 23:53:23,830:INFO:Creating metrics dataframe
2022-04-12 23:53:23,881:INFO:Initializing Random Forest Regressor
2022-04-12 23:53:23,882:INFO:Total runtime is 1.473895049095154 minutes
2022-04-12 23:53:23,898:INFO:SubProcess create_model() called ==================================
2022-04-12 23:53:23,899:INFO:Initializing create_model()
2022-04-12 23:53:23,900:INFO:create_model(estimator=rf, fold=KFold(n_splits=10, random_state=None, shuffle=False), round=4, cross_validation=True, predict=True, fit_kwargs={}, groups=None, refit=False, verbose=False, system=False, metrics=None, experiment_custom_tags=None, add_to_model_list=True, probability_threshold=None, display=<pycaret.internal.Display.Display object at 0x000002409500D730>, return_train_score=False, kwargs={})
2022-04-12 23:53:23,900:INFO:Checking exceptions
2022-04-12 23:53:23,901:INFO:Importing libraries
2022-04-12 23:53:23,901:INFO:Copying training dataset
2022-04-12 23:53:23,906:INFO:Defining folds
2022-04-12 23:53:23,907:INFO:Declaring metric variables
2022-04-12 23:53:23,924:INFO:Importing untrained model
2022-04-12 23:53:23,942:INFO:Random Forest Regressor Imported succesfully
2022-04-12 23:53:23,997:INFO:Starting cross validation
2022-04-12 23:53:23,999:INFO:Cross validating with KFold(n_splits=10, random_state=None, shuffle=False), n_jobs=-1
2022-04-13 00:08:08,131:INFO:Calculating mean and std
2022-04-13 00:08:08,134:INFO:Creating metrics dataframe
2022-04-13 00:08:08,210:INFO:Uploading results into container
2022-04-13 00:08:08,210:INFO:Uploading model into container now
2022-04-13 00:08:08,210:INFO:create_model_container: 13
2022-04-13 00:08:08,211:INFO:master_model_container: 13
2022-04-13 00:08:08,211:INFO:display_container: 2
2022-04-13 00:08:08,212:INFO:RandomForestRegressor(bootstrap=True, ccp_alpha=0.0, criterion='mse',
                      max_depth=None, max_features='auto', max_leaf_nodes=None,
                      max_samples=None, min_impurity_decrease=0.0,
                      min_impurity_split=None, min_samples_leaf=1,
                      min_samples_split=2, min_weight_fraction_leaf=0.0,
                      n_estimators=100, n_jobs=-1, oob_score=False,
                      random_state=5221, verbose=0, warm_start=False)
2022-04-13 00:08:08,213:INFO:create_model() succesfully completed......................................
2022-04-13 00:08:08,603:INFO:SubProcess create_model() end ==================================
2022-04-13 00:08:08,603:INFO:Creating metrics dataframe
2022-04-13 00:08:08,698:INFO:Initializing Extra Trees Regressor
2022-04-13 00:08:08,698:INFO:Total runtime is 16.22082521120707 minutes
2022-04-13 00:08:08,722:INFO:SubProcess create_model() called ==================================
2022-04-13 00:08:08,723:INFO:Initializing create_model()
2022-04-13 00:08:08,723:INFO:create_model(estimator=et, fold=KFold(n_splits=10, random_state=None, shuffle=False), round=4, cross_validation=True, predict=True, fit_kwargs={}, groups=None, refit=False, verbose=False, system=False, metrics=None, experiment_custom_tags=None, add_to_model_list=True, probability_threshold=None, display=<pycaret.internal.Display.Display object at 0x000002409500D730>, return_train_score=False, kwargs={})
2022-04-13 00:08:08,723:INFO:Checking exceptions
2022-04-13 00:08:08,724:INFO:Importing libraries
2022-04-13 00:08:08,724:INFO:Copying training dataset
2022-04-13 00:08:08,733:INFO:Defining folds
2022-04-13 00:08:08,734:INFO:Declaring metric variables
2022-04-13 00:08:08,754:INFO:Importing untrained model
2022-04-13 00:08:08,776:INFO:Extra Trees Regressor Imported succesfully
2022-04-13 00:08:08,835:INFO:Starting cross validation
2022-04-13 00:08:08,838:INFO:Cross validating with KFold(n_splits=10, random_state=None, shuffle=False), n_jobs=-1
2022-04-13 00:13:58,926:INFO:Calculating mean and std
2022-04-13 00:13:58,928:INFO:Creating metrics dataframe
2022-04-13 00:13:58,999:INFO:Uploading results into container
2022-04-13 00:13:58,999:INFO:Uploading model into container now
2022-04-13 00:13:59,000:INFO:create_model_container: 14
2022-04-13 00:13:59,000:INFO:master_model_container: 14
2022-04-13 00:13:59,000:INFO:display_container: 2
2022-04-13 00:13:59,002:INFO:ExtraTreesRegressor(bootstrap=False, ccp_alpha=0.0, criterion='mse',
                    max_depth=None, max_features='auto', max_leaf_nodes=None,
                    max_samples=None, min_impurity_decrease=0.0,
                    min_impurity_split=None, min_samples_leaf=1,
                    min_samples_split=2, min_weight_fraction_leaf=0.0,
                    n_estimators=100, n_jobs=-1, oob_score=False,
                    random_state=5221, verbose=0, warm_start=False)
2022-04-13 00:13:59,002:INFO:create_model() succesfully completed......................................
2022-04-13 00:13:59,428:INFO:SubProcess create_model() end ==================================
2022-04-13 00:13:59,428:INFO:Creating metrics dataframe
2022-04-13 00:13:59,507:INFO:Initializing AdaBoost Regressor
2022-04-13 00:13:59,507:INFO:Total runtime is 22.06764016946157 minutes
2022-04-13 00:13:59,533:INFO:SubProcess create_model() called ==================================
2022-04-13 00:13:59,535:INFO:Initializing create_model()
2022-04-13 00:13:59,535:INFO:create_model(estimator=ada, fold=KFold(n_splits=10, random_state=None, shuffle=False), round=4, cross_validation=True, predict=True, fit_kwargs={}, groups=None, refit=False, verbose=False, system=False, metrics=None, experiment_custom_tags=None, add_to_model_list=True, probability_threshold=None, display=<pycaret.internal.Display.Display object at 0x000002409500D730>, return_train_score=False, kwargs={})
2022-04-13 00:13:59,535:INFO:Checking exceptions
2022-04-13 00:13:59,535:INFO:Importing libraries
2022-04-13 00:13:59,536:INFO:Copying training dataset
2022-04-13 00:13:59,547:INFO:Defining folds
2022-04-13 00:13:59,548:INFO:Declaring metric variables
2022-04-13 00:13:59,577:INFO:Importing untrained model
2022-04-13 00:13:59,608:INFO:AdaBoost Regressor Imported succesfully
2022-04-13 00:13:59,677:INFO:Starting cross validation
2022-04-13 00:13:59,679:INFO:Cross validating with KFold(n_splits=10, random_state=None, shuffle=False), n_jobs=-1
2022-04-13 00:14:40,971:INFO:Calculating mean and std
2022-04-13 00:14:40,975:INFO:Creating metrics dataframe
2022-04-13 00:14:41,054:INFO:Uploading results into container
2022-04-13 00:14:41,057:INFO:Uploading model into container now
2022-04-13 00:14:41,057:INFO:create_model_container: 15
2022-04-13 00:14:41,058:INFO:master_model_container: 15
2022-04-13 00:14:41,058:INFO:display_container: 2
2022-04-13 00:14:41,059:INFO:AdaBoostRegressor(base_estimator=None, learning_rate=1.0, loss='linear',
                  n_estimators=50, random_state=5221)
2022-04-13 00:14:41,060:INFO:create_model() succesfully completed......................................
2022-04-13 00:14:41,438:INFO:SubProcess create_model() end ==================================
2022-04-13 00:14:41,439:INFO:Creating metrics dataframe
2022-04-13 00:14:41,514:INFO:Initializing Gradient Boosting Regressor
2022-04-13 00:14:41,514:INFO:Total runtime is 22.76775552034378 minutes
2022-04-13 00:14:41,536:INFO:SubProcess create_model() called ==================================
2022-04-13 00:14:41,537:INFO:Initializing create_model()
2022-04-13 00:14:41,537:INFO:create_model(estimator=gbr, fold=KFold(n_splits=10, random_state=None, shuffle=False), round=4, cross_validation=True, predict=True, fit_kwargs={}, groups=None, refit=False, verbose=False, system=False, metrics=None, experiment_custom_tags=None, add_to_model_list=True, probability_threshold=None, display=<pycaret.internal.Display.Display object at 0x000002409500D730>, return_train_score=False, kwargs={})
2022-04-13 00:14:41,538:INFO:Checking exceptions
2022-04-13 00:14:41,539:INFO:Importing libraries
2022-04-13 00:14:41,539:INFO:Copying training dataset
2022-04-13 00:14:41,546:INFO:Defining folds
2022-04-13 00:14:41,548:INFO:Declaring metric variables
2022-04-13 00:14:41,568:INFO:Importing untrained model
2022-04-13 00:14:41,591:INFO:Gradient Boosting Regressor Imported succesfully
2022-04-13 00:14:41,636:INFO:Starting cross validation
2022-04-13 00:14:41,638:INFO:Cross validating with KFold(n_splits=10, random_state=None, shuffle=False), n_jobs=-1
2022-04-13 00:18:42,867:INFO:Calculating mean and std
2022-04-13 00:18:42,869:INFO:Creating metrics dataframe
2022-04-13 00:18:42,899:INFO:Uploading results into container
2022-04-13 00:18:42,900:INFO:Uploading model into container now
2022-04-13 00:18:42,900:INFO:create_model_container: 16
2022-04-13 00:18:42,900:INFO:master_model_container: 16
2022-04-13 00:18:42,900:INFO:display_container: 2
2022-04-13 00:18:42,902:INFO:GradientBoostingRegressor(alpha=0.9, ccp_alpha=0.0, criterion='friedman_mse',
                          init=None, learning_rate=0.1, loss='ls', max_depth=3,
                          max_features=None, max_leaf_nodes=None,
                          min_impurity_decrease=0.0, min_impurity_split=None,
                          min_samples_leaf=1, min_samples_split=2,
                          min_weight_fraction_leaf=0.0, n_estimators=100,
                          n_iter_no_change=None, presort='deprecated',
                          random_state=5221, subsample=1.0, tol=0.0001,
                          validation_fraction=0.1, verbose=0, warm_start=False)
2022-04-13 00:18:42,902:INFO:create_model() succesfully completed......................................
2022-04-13 00:18:43,143:INFO:SubProcess create_model() end ==================================
2022-04-13 00:18:43,143:INFO:Creating metrics dataframe
2022-04-13 00:18:43,186:INFO:Initializing Light Gradient Boosting Machine
2022-04-13 00:18:43,186:INFO:Total runtime is 26.79563194513321 minutes
2022-04-13 00:18:43,217:INFO:SubProcess create_model() called ==================================
2022-04-13 00:18:43,218:INFO:Initializing create_model()
2022-04-13 00:18:43,219:INFO:create_model(estimator=lightgbm, fold=KFold(n_splits=10, random_state=None, shuffle=False), round=4, cross_validation=True, predict=True, fit_kwargs={}, groups=None, refit=False, verbose=False, system=False, metrics=None, experiment_custom_tags=None, add_to_model_list=True, probability_threshold=None, display=<pycaret.internal.Display.Display object at 0x000002409500D730>, return_train_score=False, kwargs={})
2022-04-13 00:18:43,219:INFO:Checking exceptions
2022-04-13 00:18:43,219:INFO:Importing libraries
2022-04-13 00:18:43,219:INFO:Copying training dataset
2022-04-13 00:18:43,226:INFO:Defining folds
2022-04-13 00:18:43,227:INFO:Declaring metric variables
2022-04-13 00:18:43,247:INFO:Importing untrained model
2022-04-13 00:18:43,269:INFO:Light Gradient Boosting Machine Imported succesfully
2022-04-13 00:18:43,312:INFO:Starting cross validation
2022-04-13 00:18:43,314:INFO:Cross validating with KFold(n_splits=10, random_state=None, shuffle=False), n_jobs=-1
2022-04-13 00:18:52,013:INFO:Calculating mean and std
2022-04-13 00:18:52,016:INFO:Creating metrics dataframe
2022-04-13 00:18:52,051:INFO:Uploading results into container
2022-04-13 00:18:52,051:INFO:Uploading model into container now
2022-04-13 00:18:52,052:INFO:create_model_container: 17
2022-04-13 00:18:52,052:INFO:master_model_container: 17
2022-04-13 00:18:52,052:INFO:display_container: 2
2022-04-13 00:18:52,053:INFO:LGBMRegressor(boosting_type='gbdt', class_weight=None, colsample_bytree=1.0,
              importance_type='split', learning_rate=0.1, max_depth=-1,
              min_child_samples=20, min_child_weight=0.001, min_split_gain=0.0,
              n_estimators=100, n_jobs=-1, num_leaves=31, objective=None,
              random_state=5221, reg_alpha=0.0, reg_lambda=0.0, silent='warn',
              subsample=1.0, subsample_for_bin=200000, subsample_freq=0)
2022-04-13 00:18:52,053:INFO:create_model() succesfully completed......................................
2022-04-13 00:18:52,288:INFO:SubProcess create_model() end ==================================
2022-04-13 00:18:52,288:INFO:Creating metrics dataframe
2022-04-13 00:18:52,330:INFO:Initializing Dummy Regressor
2022-04-13 00:18:52,330:INFO:Total runtime is 26.948027654488882 minutes
2022-04-13 00:18:52,345:INFO:SubProcess create_model() called ==================================
2022-04-13 00:18:52,346:INFO:Initializing create_model()
2022-04-13 00:18:52,346:INFO:create_model(estimator=dummy, fold=KFold(n_splits=10, random_state=None, shuffle=False), round=4, cross_validation=True, predict=True, fit_kwargs={}, groups=None, refit=False, verbose=False, system=False, metrics=None, experiment_custom_tags=None, add_to_model_list=True, probability_threshold=None, display=<pycaret.internal.Display.Display object at 0x000002409500D730>, return_train_score=False, kwargs={})
2022-04-13 00:18:52,347:INFO:Checking exceptions
2022-04-13 00:18:52,347:INFO:Importing libraries
2022-04-13 00:18:52,347:INFO:Copying training dataset
2022-04-13 00:18:52,353:INFO:Defining folds
2022-04-13 00:18:52,353:INFO:Declaring metric variables
2022-04-13 00:18:52,367:INFO:Importing untrained model
2022-04-13 00:18:52,379:INFO:Dummy Regressor Imported succesfully
2022-04-13 00:18:52,409:INFO:Starting cross validation
2022-04-13 00:18:52,410:INFO:Cross validating with KFold(n_splits=10, random_state=None, shuffle=False), n_jobs=-1
2022-04-13 00:18:52,860:INFO:Calculating mean and std
2022-04-13 00:18:52,861:INFO:Creating metrics dataframe
2022-04-13 00:18:52,890:INFO:Uploading results into container
2022-04-13 00:18:52,890:INFO:Uploading model into container now
2022-04-13 00:18:52,890:INFO:create_model_container: 18
2022-04-13 00:18:52,890:INFO:master_model_container: 18
2022-04-13 00:18:52,891:INFO:display_container: 2
2022-04-13 00:18:52,891:INFO:DummyRegressor(constant=None, quantile=None, strategy='mean')
2022-04-13 00:18:52,891:INFO:create_model() succesfully completed......................................
2022-04-13 00:18:53,118:INFO:SubProcess create_model() end ==================================
2022-04-13 00:18:53,118:INFO:Creating metrics dataframe
2022-04-13 00:18:53,196:INFO:Initializing create_model()
2022-04-13 00:18:53,196:INFO:create_model(estimator=LGBMRegressor(boosting_type='gbdt', class_weight=None, colsample_bytree=1.0,
              importance_type='split', learning_rate=0.1, max_depth=-1,
              min_child_samples=20, min_child_weight=0.001, min_split_gain=0.0,
              n_estimators=100, n_jobs=-1, num_leaves=31, objective=None,
              random_state=5221, reg_alpha=0.0, reg_lambda=0.0, silent='warn',
              subsample=1.0, subsample_for_bin=200000, subsample_freq=0), fold=KFold(n_splits=10, random_state=None, shuffle=False), round=4, cross_validation=False, predict=False, fit_kwargs={}, groups=None, refit=True, verbose=False, system=False, metrics=None, experiment_custom_tags=None, add_to_model_list=True, probability_threshold=None, display=None, return_train_score=False, kwargs={})
2022-04-13 00:18:53,197:INFO:Checking exceptions
2022-04-13 00:18:53,197:INFO:Importing libraries
2022-04-13 00:18:53,198:INFO:Copying training dataset
2022-04-13 00:18:53,204:INFO:Defining folds
2022-04-13 00:18:53,204:INFO:Declaring metric variables
2022-04-13 00:18:53,204:INFO:Importing untrained model
2022-04-13 00:18:53,204:INFO:Declaring custom model
2022-04-13 00:18:53,206:INFO:Light Gradient Boosting Machine Imported succesfully
2022-04-13 00:18:53,206:INFO:Cross validation set to False
2022-04-13 00:18:53,206:INFO:Fitting Model
2022-04-13 00:18:54,211:INFO:LGBMRegressor(boosting_type='gbdt', class_weight=None, colsample_bytree=1.0,
              importance_type='split', learning_rate=0.1, max_depth=-1,
              min_child_samples=20, min_child_weight=0.001, min_split_gain=0.0,
              n_estimators=100, n_jobs=-1, num_leaves=31, objective=None,
              random_state=5221, reg_alpha=0.0, reg_lambda=0.0, silent='warn',
              subsample=1.0, subsample_for_bin=200000, subsample_freq=0)
2022-04-13 00:18:54,212:INFO:create_models() succesfully completed......................................
2022-04-13 00:18:54,531:INFO:create_model_container: 18
2022-04-13 00:18:54,531:INFO:master_model_container: 18
2022-04-13 00:18:54,532:INFO:display_container: 2
2022-04-13 00:18:54,532:INFO:LGBMRegressor(boosting_type='gbdt', class_weight=None, colsample_bytree=1.0,
              importance_type='split', learning_rate=0.1, max_depth=-1,
              min_child_samples=20, min_child_weight=0.001, min_split_gain=0.0,
              n_estimators=100, n_jobs=-1, num_leaves=31, objective=None,
              random_state=5221, reg_alpha=0.0, reg_lambda=0.0, silent='warn',
              subsample=1.0, subsample_for_bin=200000, subsample_freq=0)
2022-04-13 00:18:54,532:INFO:compare_models() succesfully completed......................................
2022-04-13 00:24:58,513:INFO:Initializing evaluate_model()
2022-04-13 00:24:58,513:INFO:evaluate_model(estimator=LGBMRegressor(boosting_type='gbdt', class_weight=None, colsample_bytree=1.0,
              importance_type='split', learning_rate=0.1, max_depth=-1,
              min_child_samples=20, min_child_weight=0.001, min_split_gain=0.0,
              n_estimators=100, n_jobs=-1, num_leaves=31, objective=None,
              random_state=5221, reg_alpha=0.0, reg_lambda=0.0, silent='warn',
              subsample=1.0, subsample_for_bin=200000, subsample_freq=0), fold=None, fit_kwargs=None, plot_kwargs=None, feature_name=None, groups=None, use_train_data=False)
2022-04-13 00:24:58,576:INFO:Initializing plot_model()
2022-04-13 00:24:58,576:INFO:plot_model(fold=KFold(n_splits=10, random_state=None, shuffle=False), use_train_data=False, verbose=True, is_in_evaluate=True, display=None, display_format=None, estimator=LGBMRegressor(boosting_type='gbdt', class_weight=None, colsample_bytree=1.0,
              importance_type='split', learning_rate=0.1, max_depth=-1,
              min_child_samples=20, min_child_weight=0.001, min_split_gain=0.0,
              n_estimators=100, n_jobs=-1, num_leaves=31, objective=None,
              random_state=5221, reg_alpha=0.0, reg_lambda=0.0, silent='warn',
              subsample=1.0, subsample_for_bin=200000, subsample_freq=0), feature_name=None, fit_kwargs={}, groups=None, label=False, plot=parameter, plot_kwargs={}, save=False, scale=1, system=True)
2022-04-13 00:24:58,576:INFO:Checking exceptions
2022-04-13 00:24:58,578:INFO:Preparing display monitor
2022-04-13 00:24:58,593:INFO:Preloading libraries
2022-04-13 00:24:58,627:INFO:Copying training dataset
2022-04-13 00:24:58,635:INFO:Copying test dataset
2022-04-13 00:24:58,645:INFO:Plot type: parameter
2022-04-13 00:24:58,663:INFO:Visual Rendered Successfully
2022-04-13 00:24:58,959:INFO:plot_model() succesfully completed......................................
2022-04-13 00:25:22,379:INFO:Initializing plot_model()
2022-04-13 00:25:22,379:INFO:plot_model(fold=KFold(n_splits=10, random_state=None, shuffle=False), use_train_data=False, verbose=True, is_in_evaluate=True, display=None, display_format=None, estimator=LGBMRegressor(boosting_type='gbdt', class_weight=None, colsample_bytree=1.0,
              importance_type='split', learning_rate=0.1, max_depth=-1,
              min_child_samples=20, min_child_weight=0.001, min_split_gain=0.0,
              n_estimators=100, n_jobs=-1, num_leaves=31, objective=None,
              random_state=5221, reg_alpha=0.0, reg_lambda=0.0, silent='warn',
              subsample=1.0, subsample_for_bin=200000, subsample_freq=0), feature_name=None, fit_kwargs={}, groups=None, label=False, plot=error, plot_kwargs={}, save=False, scale=1, system=True)
2022-04-13 00:25:22,379:INFO:Checking exceptions
2022-04-13 00:25:22,381:INFO:Preparing display monitor
2022-04-13 00:25:22,397:INFO:Preloading libraries
2022-04-13 00:25:22,435:INFO:Copying training dataset
2022-04-13 00:25:22,442:INFO:Copying test dataset
2022-04-13 00:25:22,445:INFO:Plot type: error
2022-04-13 00:25:22,624:INFO:Fitting Model
2022-04-13 00:25:22,625:INFO:Scoring test/hold-out set
2022-04-13 00:25:24,268:INFO:Visual Rendered Successfully
2022-04-13 00:25:24,510:INFO:plot_model() succesfully completed......................................
2022-04-13 00:26:10,978:INFO:Initializing plot_model()
2022-04-13 00:26:10,979:INFO:plot_model(fold=KFold(n_splits=10, random_state=None, shuffle=False), use_train_data=False, verbose=True, is_in_evaluate=True, display=None, display_format=None, estimator=LGBMRegressor(boosting_type='gbdt', class_weight=None, colsample_bytree=1.0,
              importance_type='split', learning_rate=0.1, max_depth=-1,
              min_child_samples=20, min_child_weight=0.001, min_split_gain=0.0,
              n_estimators=100, n_jobs=-1, num_leaves=31, objective=None,
              random_state=5221, reg_alpha=0.0, reg_lambda=0.0, silent='warn',
              subsample=1.0, subsample_for_bin=200000, subsample_freq=0), feature_name=None, fit_kwargs={}, groups=None, label=False, plot=rfe, plot_kwargs={}, save=False, scale=1, system=True)
2022-04-13 00:26:10,979:INFO:Checking exceptions
2022-04-13 00:26:10,980:INFO:Preparing display monitor
2022-04-13 00:26:10,999:INFO:Preloading libraries
2022-04-13 00:26:11,035:INFO:Copying training dataset
2022-04-13 00:26:11,042:INFO:Copying test dataset
2022-04-13 00:26:11,044:INFO:Plot type: rfe
2022-04-13 00:26:11,071:INFO:Fitting Model
2022-04-13 00:38:15,674:INFO:Initializing plot_model()
2022-04-13 00:38:15,675:INFO:plot_model(fold=KFold(n_splits=10, random_state=None, shuffle=False), use_train_data=False, verbose=True, is_in_evaluate=True, display=None, display_format=None, estimator=LGBMRegressor(boosting_type='gbdt', class_weight=None, colsample_bytree=1.0,
              importance_type='split', learning_rate=0.1, max_depth=-1,
              min_child_samples=20, min_child_weight=0.001, min_split_gain=0.0,
              n_estimators=100, n_jobs=-1, num_leaves=31, objective=None,
              random_state=5221, reg_alpha=0.0, reg_lambda=0.0, silent='warn',
              subsample=1.0, subsample_for_bin=200000, subsample_freq=0), feature_name=None, fit_kwargs={}, groups=None, label=False, plot=feature, plot_kwargs={}, save=False, scale=1, system=True)
2022-04-13 00:38:15,676:INFO:Checking exceptions
2022-04-13 00:38:15,677:INFO:Preparing display monitor
2022-04-13 00:38:15,701:INFO:Preloading libraries
2022-04-13 00:38:15,730:INFO:Copying training dataset
2022-04-13 00:38:15,743:INFO:Copying test dataset
2022-04-13 00:38:15,746:INFO:Plot type: feature
2022-04-13 00:38:15,752:WARNING:No coef_ found. Trying feature_importances_
2022-04-13 00:38:16,200:INFO:Visual Rendered Successfully
2022-04-13 00:38:16,510:INFO:plot_model() succesfully completed......................................
2022-04-13 00:45:28,053:INFO:Initializing plot_model()
2022-04-13 00:45:28,054:INFO:plot_model(fold=KFold(n_splits=10, random_state=None, shuffle=False), use_train_data=False, verbose=True, is_in_evaluate=True, display=None, display_format=None, estimator=LGBMRegressor(boosting_type='gbdt', class_weight=None, colsample_bytree=1.0,
              importance_type='split', learning_rate=0.1, max_depth=-1,
              min_child_samples=20, min_child_weight=0.001, min_split_gain=0.0,
              n_estimators=100, n_jobs=-1, num_leaves=31, objective=None,
              random_state=5221, reg_alpha=0.0, reg_lambda=0.0, silent='warn',
              subsample=1.0, subsample_for_bin=200000, subsample_freq=0), feature_name=None, fit_kwargs={}, groups=None, label=False, plot=feature_all, plot_kwargs={}, save=False, scale=1, system=True)
2022-04-13 00:45:28,054:INFO:Checking exceptions
2022-04-13 00:45:28,055:INFO:Preparing display monitor
2022-04-13 00:45:28,070:INFO:Preloading libraries
2022-04-13 00:45:28,108:INFO:Copying training dataset
2022-04-13 00:45:28,116:INFO:Copying test dataset
2022-04-13 00:45:28,119:INFO:Plot type: feature_all
2022-04-13 00:45:28,124:WARNING:No coef_ found. Trying feature_importances_
2022-04-13 00:45:28,626:INFO:Visual Rendered Successfully
2022-04-13 00:45:28,923:INFO:plot_model() succesfully completed......................................
